Arguments: 
  /usr/local/bin/node /usr/local/bin/yarn add http-server

PATH: 
  /usr/local/bin:/usr/bin:/bin:/usr/sbin:/sbin:/Library/Apple/usr/bin:/Users/jimmy/.cargo/bin

Yarn version: 
  1.22.10

Node version: 
  10.24.1

Platform: 
  darwin x64

Trace: 
  Error: http://npm.qiaofangyun.com/html-encoding-sniffer/-/html-encoding-sniffer-3.0.0.tgz: Request failed "500 Internal Server Error"
      at ResponseError.ExtendableBuiltin (/usr/local/lib/node_modules/yarn/lib/cli.js:696:66)
      at new ResponseError (/usr/local/lib/node_modules/yarn/lib/cli.js:802:124)
      at Request.<anonymous> (/usr/local/lib/node_modules/yarn/lib/cli.js:67058:16)
      at Request.emit (events.js:198:13)
      at Request.module.exports.Request.onRequestResponse (/usr/local/lib/node_modules/yarn/lib/cli.js:141539:10)
      at ClientRequest.emit (events.js:203:15)
      at HTTPParser.parserOnIncomingClient [as onIncoming] (_http_client.js:565:21)
      at HTTPParser.parserOnHeadersComplete (_http_common.js:111:17)
      at Socket.socketOnData (_http_client.js:451:20)
      at Socket.emit (events.js:198:13)

npm manifest: 
  {
    "name": "demo-three",
    "version": "1.0.0",
    "description": "",
    "main": "index.js",
    "scripts": {
      "test": "echo \"Error: no test specified\" && exit 1"
    },
    "repository": {
      "type": "git",
      "url": "git+https://github.com/Foreinyel/demo-three.git"
    },
    "keywords": [],
    "author": "",
    "license": "ISC",
    "bugs": {
      "url": "https://github.com/Foreinyel/demo-three/issues"
    },
    "homepage": "https://github.com/Foreinyel/demo-three#readme"
  }

yarn manifest: 
  No manifest

Lockfile: 
  No lockfile
